<?xml version="1.0" encoding="UTF-8"?>
<!-- Generated by org.testng.reporters.JUnitXMLReporter -->
<testsuite ignored="0" hostname="Pranalis-MacBook-Pro.local" failures="0" tests="4" name="Default test" time="14.374" errors="0" timestamp="2023-10-26T20:45:26 CDT">
  <testcase classname="test.Trello_WorkspaceForTeamTests" name="test14" time="8.151"/>
  <testcase classname="test.Trello_WorkspaceForTeamTests" name="test15" time="1.557"/>
  <testcase classname="test.Trello_WorkspaceForTeamTests" name="test16" time="0.541"/>
  <testcase classname="test.Trello_WorkspaceForTeamTests" name="test17" time="0.31"/>
</testsuite> <!-- Default test -->
